This is pdfTeX, Version 3.14159265-2.6-1.40.20 (TeX Live 2019/Debian) (preloaded format=pdflatex 2020.5.31)  15 JUL 2020 02:29
entering extended mode
 restricted \write18 enabled.
 %&-line parsing enabled.
**tesi.tex
(./tesi.tex
LaTeX2e <2020-02-02> patch level 2
L3 programming layer <2020-02-14>
(/usr/share/texlive/texmf-dist/tex/latex/base/book.cls
Document Class: book 2019/12/20 v1.4l Standard LaTeX document class
(/usr/share/texlive/texmf-dist/tex/latex/base/bk10.clo
File: bk10.clo 2019/12/20 v1.4l Standard LaTeX file (size option)
)
\c@part=\count167
\c@chapter=\count168
\c@section=\count169
\c@subsection=\count170
\c@subsubsection=\count171
\c@paragraph=\count172
\c@subparagraph=\count173
\c@figure=\count174
\c@table=\count175
\abovecaptionskip=\skip47
\belowcaptionskip=\skip48
\bibindent=\dimen134
)
(/usr/share/texlive/texmf-dist/tex/latex/graphics/graphicx.sty
Package: graphicx 2019/11/30 v1.2a Enhanced LaTeX Graphics (DPC,SPQR)

(/usr/share/texlive/texmf-dist/tex/latex/graphics/keyval.sty
Package: keyval 2014/10/28 v1.15 key=value parser (DPC)
\KV@toks@=\toks14
)
(/usr/share/texlive/texmf-dist/tex/latex/graphics/graphics.sty
Package: graphics 2019/11/30 v1.4a Standard LaTeX Graphics (DPC,SPQR)

(/usr/share/texlive/texmf-dist/tex/latex/graphics/trig.sty
Package: trig 2016/01/03 v1.10 sin cos tan (DPC)
)
(/usr/share/texlive/texmf-dist/tex/latex/graphics-cfg/graphics.cfg
File: graphics.cfg 2016/06/04 v1.11 sample graphics configuration
)
Package graphics Info: Driver file: pdftex.def on input line 105.

(/usr/share/texlive/texmf-dist/tex/latex/graphics-def/pdftex.def
File: pdftex.def 2018/01/08 v1.0l Graphics/color driver for pdftex
))
\Gin@req@height=\dimen135
\Gin@req@width=\dimen136
)
(/usr/share/texlive/texmf-dist/tex/latex/amsfonts/euscript.sty
Package: euscript 2009/06/22 v3.00 Euler Script fonts
LaTeX Font Info:    Overwriting math alphabet `\EuScript' in version `bold'
(Font)                  U/eus/m/n --> U/eus/b/n on input line 33.
)
(/usr/share/texlive/texmf-dist/tex/latex/rsfso/rsfso.sty
Package: rsfso 2013/11/02 v1.01 U/rsfso (Michael Sharpe)

(/usr/share/texlive/texmf-dist/tex/latex/xkeyval/xkeyval.sty
Package: xkeyval 2014/12/03 v2.7a package option processing (HA)

(/usr/share/texlive/texmf-dist/tex/generic/xkeyval/xkeyval.tex
(/usr/share/texlive/texmf-dist/tex/generic/xkeyval/xkvutils.tex
\XKV@toks=\toks15
\XKV@tempa@toks=\toks16
)
\XKV@depth=\count176
File: xkeyval.tex 2014/12/03 v2.7a key=value parser (HA)
)))
(/usr/share/texlive/texmf-dist/tex/latex/scalerel/scalerel.sty
Package: scalerel 2016/12/29 v1.8 Routines for constrained scaling and stretchi
ng of objects, relative to a reference object or in absolute terms

(/usr/share/texlive/texmf-dist/tex/latex/tools/calc.sty
Package: calc 2017/05/25 v4.3 Infix arithmetic (KKT,FJ)
\calc@Acount=\count177
\calc@Bcount=\count178
\calc@Adimen=\dimen137
\calc@Bdimen=\dimen138
\calc@Askip=\skip49
\calc@Bskip=\skip50
LaTeX Info: Redefining \setlength on input line 80.
LaTeX Info: Redefining \addtolength on input line 81.
\calc@Ccount=\count179
\calc@Cskip=\skip51
)
(/usr/share/texlive/texmf-dist/tex/latex/etoolbox/etoolbox.sty
Package: etoolbox 2019/09/21 v2.5h e-TeX tools for LaTeX (JAW)
\etb@tempcnta=\count180
)
\thesrwidth=\skip52
\thesrheight=\skip53
\srblobheight=\skip54
\srblobdepth=\skip55
\mnxsrwidth=\skip56
\LMex=\skip57
\LMpt=\skip58
)
(/usr/share/texlive/texmf-dist/tex/latex/geometry/geometry.sty
Package: geometry 2020/01/02 v5.9 Page Geometry

(/usr/share/texlive/texmf-dist/tex/generic/iftex/ifvtex.sty
Package: ifvtex 2019/10/25 v1.7 ifvtex legacy package. Use iftex instead.

(/usr/share/texlive/texmf-dist/tex/generic/iftex/iftex.sty
Package: iftex 2019/11/07 v1.0c TeX engine tests
))
\Gm@cnth=\count181
\Gm@cntv=\count182
\c@Gm@tempcnt=\count183
\Gm@bindingoffset=\dimen139
\Gm@wd@mp=\dimen140
\Gm@odd@mp=\dimen141
\Gm@even@mp=\dimen142
\Gm@layoutwidth=\dimen143
\Gm@layoutheight=\dimen144
\Gm@layouthoffset=\dimen145
\Gm@layoutvoffset=\dimen146
\Gm@dimlist=\toks17
)
(/usr/share/texlive/texmf-dist/tex/latex/listings/listings.sty
\lst@mode=\count184
\lst@gtempboxa=\box45
\lst@token=\toks18
\lst@length=\count185
\lst@currlwidth=\dimen147
\lst@column=\count186
\lst@pos=\count187
\lst@lostspace=\dimen148
\lst@width=\dimen149
\lst@newlines=\count188
\lst@lineno=\count189
\lst@maxwidth=\dimen150

(/usr/share/texlive/texmf-dist/tex/latex/listings/lstmisc.sty
File: lstmisc.sty 2019/09/10 1.8c (Carsten Heinz)
\c@lstnumber=\count190
\lst@skipnumbers=\count191
\lst@framebox=\box46
)
(/usr/share/texlive/texmf-dist/tex/latex/listings/listings.cfg
File: listings.cfg 2019/09/10 1.8c listings configuration
))
Package: listings 2019/09/10 1.8c (Carsten Heinz)

(/usr/share/texlive/texmf-dist/tex/latex/hyperref/hyperref.sty
Package: hyperref 2020/01/14 v7.00d Hypertext links for LaTeX

(/usr/share/texlive/texmf-dist/tex/generic/ltxcmds/ltxcmds.sty
Package: ltxcmds 2019/12/15 v1.24 LaTeX kernel commands for general use (HO)
)
(/usr/share/texlive/texmf-dist/tex/latex/pdftexcmds/pdftexcmds.sty
Package: pdftexcmds 2019/11/24 v0.31 Utility functions of pdfTeX for LuaTeX (HO
)

(/usr/share/texlive/texmf-dist/tex/generic/infwarerr/infwarerr.sty
Package: infwarerr 2019/12/03 v1.5 Providing info/warning/error messages (HO)
)
Package pdftexcmds Info: \pdf@primitive is available.
Package pdftexcmds Info: \pdf@ifprimitive is available.
Package pdftexcmds Info: \pdfdraftmode found.
)
(/usr/share/texlive/texmf-dist/tex/generic/kvsetkeys/kvsetkeys.sty
Package: kvsetkeys 2019/12/15 v1.18 Key value parser (HO)
)
(/usr/share/texlive/texmf-dist/tex/generic/kvdefinekeys/kvdefinekeys.sty
Package: kvdefinekeys 2019-12-19 v1.6 Define keys (HO)
)
(/usr/share/texlive/texmf-dist/tex/generic/pdfescape/pdfescape.sty
Package: pdfescape 2019/12/09 v1.15 Implements pdfTeX's escape features (HO)
)
(/usr/share/texlive/texmf-dist/tex/latex/hycolor/hycolor.sty
Package: hycolor 2020-01-27 v1.10 Color options for hyperref/bookmark (HO)
)
(/usr/share/texlive/texmf-dist/tex/latex/letltxmacro/letltxmacro.sty
Package: letltxmacro 2019/12/03 v1.6 Let assignment for LaTeX macros (HO)
)
(/usr/share/texlive/texmf-dist/tex/latex/auxhook/auxhook.sty
Package: auxhook 2019-12-17 v1.6 Hooks for auxiliary files (HO)
)
(/usr/share/texlive/texmf-dist/tex/latex/kvoptions/kvoptions.sty
Package: kvoptions 2019/11/29 v3.13 Key value format for package options (HO)
)
\@linkdim=\dimen151
\Hy@linkcounter=\count192
\Hy@pagecounter=\count193

(/usr/share/texlive/texmf-dist/tex/latex/hyperref/pd1enc.def
File: pd1enc.def 2020/01/14 v7.00d Hyperref: PDFDocEncoding definition (HO)
Now handling font encoding PD1 ...
... no UTF-8 mapping file for font encoding PD1
)
(/usr/share/texlive/texmf-dist/tex/generic/intcalc/intcalc.sty
Package: intcalc 2019/12/15 v1.3 Expandable calculations with integers (HO)
)
(/usr/share/texlive/texmf-dist/tex/generic/etexcmds/etexcmds.sty
Package: etexcmds 2019/12/15 v1.7 Avoid name clashes with e-TeX commands (HO)
)
\Hy@SavedSpaceFactor=\count194
\pdfmajorversion=\count195
Package hyperref Info: Hyper figures OFF on input line 4547.
Package hyperref Info: Link nesting OFF on input line 4552.
Package hyperref Info: Hyper index ON on input line 4555.
Package hyperref Info: Plain pages OFF on input line 4562.
Package hyperref Info: Backreferencing OFF on input line 4567.
Package hyperref Info: Implicit mode ON; LaTeX internals redefined.
Package hyperref Info: Bookmarks ON on input line 4800.
\c@Hy@tempcnt=\count196

(/usr/share/texlive/texmf-dist/tex/latex/url/url.sty
\Urlmuskip=\muskip16
Package: url 2013/09/16  ver 3.4  Verb mode for urls, etc.
)
LaTeX Info: Redefining \url on input line 5159.
\XeTeXLinkMargin=\dimen152

(/usr/share/texlive/texmf-dist/tex/generic/bitset/bitset.sty
Package: bitset 2019/12/09 v1.3 Handle bit-vector datatype (HO)

(/usr/share/texlive/texmf-dist/tex/generic/bigintcalc/bigintcalc.sty
Package: bigintcalc 2019/12/15 v1.5 Expandable calculations on big integers (HO
)
))
\Fld@menulength=\count197
\Field@Width=\dimen153
\Fld@charsize=\dimen154
Package hyperref Info: Hyper figures OFF on input line 6430.
Package hyperref Info: Link nesting OFF on input line 6435.
Package hyperref Info: Hyper index ON on input line 6438.
Package hyperref Info: backreferencing OFF on input line 6445.
Package hyperref Info: Link coloring OFF on input line 6450.
Package hyperref Info: Link coloring with OCG OFF on input line 6455.
Package hyperref Info: PDF/A mode OFF on input line 6460.
LaTeX Info: Redefining \ref on input line 6500.
LaTeX Info: Redefining \pageref on input line 6504.

(/usr/share/texlive/texmf-dist/tex/generic/atbegshi/atbegshi.sty
Package: atbegshi 2019/12/05 v1.19 At begin shipout hook (HO)
)
\Hy@abspage=\count198
\c@Item=\count199
\c@Hfootnote=\count266
)
Package hyperref Info: Driver (autodetected): hpdftex.

(/usr/share/texlive/texmf-dist/tex/latex/hyperref/hpdftex.def
File: hpdftex.def 2020/01/14 v7.00d Hyperref driver for pdfTeX

(/usr/share/texlive/texmf-dist/tex/latex/atveryend/atveryend.sty
Package: atveryend 2019-12-11 v1.11 Hooks at the very end of document (HO)
)
\Fld@listcount=\count267
\c@bookmark@seq@number=\count268

(/usr/share/texlive/texmf-dist/tex/latex/rerunfilecheck/rerunfilecheck.sty
Package: rerunfilecheck 2019/12/05 v1.9 Rerun checks for auxiliary files (HO)

(/usr/share/texlive/texmf-dist/tex/generic/uniquecounter/uniquecounter.sty
Package: uniquecounter 2019/12/15 v1.4 Provide unlimited unique counter (HO)
)
Package uniquecounter Info: New unique counter `rerunfilecheck' on input line 2
86.
)
\Hy@SectionHShift=\skip59
)
(/usr/share/texlive/texmf-dist/tex/latex/footmisc/footmisc.sty
Package: footmisc 2011/06/06 v5.5b a miscellany of footnote facilities
\FN@temptoken=\toks19
\footnotemargin=\dimen155
\c@pp@next@reset=\count269
Package footmisc Info: Declaring symbol style bringhurst on input line 855.
Package footmisc Info: Declaring symbol style chicago on input line 863.
Package footmisc Info: Declaring symbol style wiley on input line 872.
Package footmisc Info: Declaring symbol style lamport-robust on input line 883.

Package footmisc Info: Declaring symbol style lamport* on input line 903.
Package footmisc Info: Declaring symbol style lamport*-robust on input line 924
.
)
(/usr/share/texlive/texmf-dist/tex/latex/lipsum/lipsum.sty
(/usr/share/texlive/texmf-dist/tex/latex/l3kernel/expl3.sty
Package: expl3 2020-02-14 L3 programming layer (loader) 

(/usr/share/texlive/texmf-dist/tex/latex/l3backend/l3backend-pdfmode.def
File: l3backend-pdfmode.def 2020-02-03 L3 backend support: PDF mode
\l__kernel_color_stack_int=\count270
\l__pdf_internal_box=\box47
))
(/usr/share/texlive/texmf-dist/tex/latex/l3packages/xparse/xparse.sty
Package: xparse 2020-02-14 L3 Experimental document command parser
\l__xparse_current_arg_int=\count271
\g__xparse_grabber_int=\count272
\l__xparse_m_args_int=\count273
\l__xparse_v_nesting_int=\count274
)
Package: lipsum 2019/01/02 v2.2 150 paragraphs of Lorem Ipsum dummy text

(/usr/share/texlive/texmf-dist/tex/latex/lipsum/lipsum.ltd.tex
File: lipsum.ltd.tex 2019/01/02 v2.2 The Lorem ipsum dummy text
))
(/usr/share/texlive/texmf-dist/tex/latex/varwidth/varwidth.sty
Package: varwidth 2009/03/30 ver 0.92;  Variable-width minipages
\@vwid@box=\box48
\sift@deathcycles=\count275
\@vwid@loff=\dimen156
\@vwid@roff=\dimen157
)
(/usr/share/texlive/texmf-dist/tex/latex/float/float.sty
Package: float 2001/11/08 v1.3d Float enhancements (AL)
\c@float@type=\count276
\float@exts=\toks20
\float@box=\box49
\@float@everytoks=\toks21
\@floatcapt=\box50
)
(/usr/share/texlive/texmf-dist/tex/latex/cite/cite.sty
LaTeX Info: Redefining \cite on input line 302.
LaTeX Info: Redefining \nocite on input line 332.
Package: cite 2015/02/27  v 5.5
)
(/usr/share/texlive/texmf-dist/tex/latex/caption/subcaption.sty
Package: subcaption 2020/01/22 v1.3d Sub-captions (AR)

(/usr/share/texlive/texmf-dist/tex/latex/caption/caption.sty
Package: caption 2020/01/03 v3.4h Customizing captions (AR)

(/usr/share/texlive/texmf-dist/tex/latex/caption/caption3.sty
Package: caption3 2020/01/03 v1.8h caption3 kernel (AR)
Package caption3 Info: TeX engine: e-TeX on input line 61.
\captionmargin=\dimen158
\captionmargin@=\dimen159
\captionwidth=\dimen160
\caption@tempdima=\dimen161
\caption@indent=\dimen162
\caption@parindent=\dimen163
\caption@hangindent=\dimen164
Package caption Info: Standard document class detected.
)
\c@caption@flags=\count277
\c@continuedfloat=\count278
Package caption Info: float package is loaded.
Package caption Info: hyperref package is loaded.
Package caption Info: listings package is loaded.
)
\c@subfigure=\count279
\c@subtable=\count280
)
(/usr/share/texlive/texmf-dist/tex/latex/mathtools/mathtools.sty
Package: mathtools 2020/01/17 v1.23 mathematical typesetting tools

(/usr/share/texlive/texmf-dist/tex/latex/mathtools/mhsetup.sty
Package: mhsetup 2017/03/31 v1.3 programming setup (MH)
)
(/usr/share/texlive/texmf-dist/tex/latex/amsmath/amsmath.sty
Package: amsmath 2020/01/20 v2.17e AMS math features
\@mathmargin=\skip60

For additional information on amsmath, use the `?' option.
(/usr/share/texlive/texmf-dist/tex/latex/amsmath/amstext.sty
Package: amstext 2000/06/29 v2.01 AMS text

(/usr/share/texlive/texmf-dist/tex/latex/amsmath/amsgen.sty
File: amsgen.sty 1999/11/30 v2.0 generic functions
\@emptytoks=\toks22
\ex@=\dimen165
))
(/usr/share/texlive/texmf-dist/tex/latex/amsmath/amsbsy.sty
Package: amsbsy 1999/11/29 v1.2d Bold Symbols
\pmbraise@=\dimen166
)
(/usr/share/texlive/texmf-dist/tex/latex/amsmath/amsopn.sty
Package: amsopn 2016/03/08 v2.02 operator names
)
\inf@bad=\count281
LaTeX Info: Redefining \frac on input line 227.
\uproot@=\count282
\leftroot@=\count283
LaTeX Info: Redefining \overline on input line 389.
\classnum@=\count284
\DOTSCASE@=\count285
LaTeX Info: Redefining \ldots on input line 486.
LaTeX Info: Redefining \dots on input line 489.
LaTeX Info: Redefining \cdots on input line 610.
\Mathstrutbox@=\box51
\strutbox@=\box52
\big@size=\dimen167
LaTeX Font Info:    Redeclaring font encoding OML on input line 733.
LaTeX Font Info:    Redeclaring font encoding OMS on input line 734.
\macc@depth=\count286
\c@MaxMatrixCols=\count287
\dotsspace@=\muskip17
\c@parentequation=\count288
\dspbrk@lvl=\count289
\tag@help=\toks23
\row@=\count290
\column@=\count291
\maxfields@=\count292
\andhelp@=\toks24
\eqnshift@=\dimen168
\alignsep@=\dimen169
\tagshift@=\dimen170
\tagwidth@=\dimen171
\totwidth@=\dimen172
\lineht@=\dimen173
\@envbody=\toks25
\multlinegap=\skip61
\multlinetaggap=\skip62
\mathdisplay@stack=\toks26
LaTeX Info: Redefining \[ on input line 2859.
LaTeX Info: Redefining \] on input line 2860.
)
LaTeX Info: Thecontrolsequence`\('isalreadyrobust on input line 129.
LaTeX Info: Thecontrolsequence`\)'isalreadyrobust on input line 129.
LaTeX Info: Thecontrolsequence`\['isalreadyrobust on input line 129.
LaTeX Info: Thecontrolsequence`\]'isalreadyrobust on input line 129.
\g_MT_multlinerow_int=\count293
\l_MT_multwidth_dim=\dimen174
\origjot=\skip63
\l_MT_shortvdotswithinadjustabove_dim=\dimen175
\l_MT_shortvdotswithinadjustbelow_dim=\dimen176
\l_MT_above_intertext_sep=\dimen177
\l_MT_below_intertext_sep=\dimen178
\l_MT_above_shortintertext_sep=\dimen179
\l_MT_below_shortintertext_sep=\dimen180
)
(/usr/share/texlive/texmf-dist/tex/generic/systeme/systeme.sty
(/usr/share/texlive/texmf-dist/tex/generic/xstring/xstring.sty
(/usr/share/texlive/texmf-dist/tex/generic/xstring/xstring.tex
\integerpart=\count294
\decimalpart=\count295
)
Package: xstring 2019/02/06 v1.83 String manipulations (CT)
)
(/usr/share/texlive/texmf-dist/tex/generic/systeme/systeme.tex
\SYS_systemecode=\toks27
\SYS_systempreamble=\toks28
\SYSeqnum=\count296
)
Package: systeme 2019/01/13 v0.32 Mise en forme de systemes d'equations (CT)
)
(/usr/share/texlive/texmf-dist/tex/latex/tools/verbatim.sty
Package: verbatim 2019/11/10 v1.5r LaTeX2e package for verbatim enhancements
\every@verbatim=\toks29
\verbatim@line=\toks30
\verbatim@in@stream=\read2
)
(/usr/share/texlive/texmf-dist/tex/latex/psnfss/courier.sty
Package: courier 2005/04/12 PSNFSS-v9.2a (WaS) 
) (./tesi.aux

LaTeX Warning: Label `fig:naive-bayes' multiply defined.


LaTeX Warning: Label `sub@fig:naive-bayes' multiply defined.

)
\openout1 = `tesi.aux'.

LaTeX Font Info:    Checking defaults for OML/cmm/m/it on input line 62.
LaTeX Font Info:    ... okay on input line 62.
LaTeX Font Info:    Checking defaults for OMS/cmsy/m/n on input line 62.
LaTeX Font Info:    ... okay on input line 62.
LaTeX Font Info:    Checking defaults for OT1/cmr/m/n on input line 62.
LaTeX Font Info:    ... okay on input line 62.
LaTeX Font Info:    Checking defaults for T1/cmr/m/n on input line 62.
LaTeX Font Info:    ... okay on input line 62.
LaTeX Font Info:    Checking defaults for TS1/cmr/m/n on input line 62.
LaTeX Font Info:    ... okay on input line 62.
LaTeX Font Info:    Checking defaults for OMX/cmex/m/n on input line 62.
LaTeX Font Info:    ... okay on input line 62.
LaTeX Font Info:    Checking defaults for U/cmr/m/n on input line 62.
LaTeX Font Info:    ... okay on input line 62.
LaTeX Font Info:    Checking defaults for PD1/pdf/m/n on input line 62.
LaTeX Font Info:    ... okay on input line 62.
 (/usr/share/texlive/texmf-dist/tex/context/base/mkii/supp-pdf.mkii
[Loading MPS to PDF converter (version 2006.09.02).]
\scratchcounter=\count297
\scratchdimen=\dimen181
\scratchbox=\box53
\nofMPsegments=\count298
\nofMParguments=\count299
\everyMPshowfont=\toks31
\MPscratchCnt=\count300
\MPscratchDim=\dimen182
\MPnumerator=\count301
\makeMPintoPDFobject=\count302
\everyMPtoPDFconversion=\toks32
) (/usr/share/texlive/texmf-dist/tex/latex/epstopdf-pkg/epstopdf-base.sty
Package: epstopdf-base 2020-01-24 v2.11 Base part for package epstopdf
Package epstopdf-base Info: Redefining graphics rule for `.eps' on input line 4
85.

(/usr/share/texlive/texmf-dist/tex/latex/latexconfig/epstopdf-sys.cfg
File: epstopdf-sys.cfg 2010/07/13 v1.3 Configuration of (r)epstopdf for TeX Liv
e
))
*geometry* driver: auto-detecting
*geometry* detected driver: pdftex
*geometry* verbose mode - [ preamble ] result:
* driver: pdftex
* paper: a4paper
* layout: <same size as paper>
* layoutoffset:(h,v)=(0.0pt,0.0pt)
* modes: 
* h-part:(L,W,R)=(89.62709pt, 418.25368pt, 89.6271pt)
* v-part:(T,H,B)=(101.40665pt, 591.5302pt, 152.11pt)
* \paperwidth=597.50787pt
* \paperheight=845.04684pt
* \textwidth=418.25368pt
* \textheight=591.5302pt
* \oddsidemargin=17.3571pt
* \evensidemargin=17.3571pt
* \topmargin=-0.93083pt
* \headheight=12.0pt
* \headsep=18.06749pt
* \topskip=10.0pt
* \footskip=25.29494pt
* \marginparwidth=69.0pt
* \marginparsep=7.0pt
* \columnsep=10.0pt
* \skip\footins=9.0pt plus 4.0pt minus 2.0pt
* \hoffset=0.0pt
* \voffset=0.0pt
* \mag=1000
* \@twocolumnfalse
* \@twosidefalse
* \@mparswitchfalse
* \@reversemarginfalse
* (1in=72.27pt=25.4mm, 1cm=28.453pt)

\c@lstlisting=\count303
\AtBeginShipoutBox=\box54
Package hyperref Info: Link coloring OFF on input line 62.
(/usr/share/texlive/texmf-dist/tex/latex/hyperref/nameref.sty
Package: nameref 2019/09/16 v2.46 Cross-referencing by name of section

(/usr/share/texlive/texmf-dist/tex/latex/refcount/refcount.sty
Package: refcount 2019/12/15 v3.6 Data extraction from label references (HO)
)
(/usr/share/texlive/texmf-dist/tex/generic/gettitlestring/gettitlestring.sty
Package: gettitlestring 2019/12/15 v1.6 Cleanup title references (HO)
)
\c@section@level=\count304
)
LaTeX Info: Redefining \ref on input line 62.
LaTeX Info: Redefining \pageref on input line 62.
LaTeX Info: Redefining \nameref on input line 62.

(./tesi.out) (./tesi.out)
\@outlinefile=\write3
\openout3 = `tesi.out'.

Package caption Info: Begin \AtBeginDocument code.
Package caption Info: End \AtBeginDocument code.
<logo_unimib.pdf, id=308, 67.8029pt x 66.29492pt>
File: logo_unimib.pdf Graphic file (type pdf)
<use logo_unimib.pdf>
Package pdftex.def Info: logo_unimib.pdf  used on input line 69.
(pdftex.def)             Requested size: 77.9727pt x 76.23854pt.

Underfull \hbox (badness 10000) in paragraph at lines 73--77

 []


Overfull \hbox (2.2222pt too wide) in paragraph at lines 67--81
[] []
 []


Underfull \hbox (badness 10000) in paragraph at lines 85--89

 []

[1


{/var/lib/texmf/fonts/map/pdftex/updmap/pdftex.map} <./logo_unimib.pdf>]
(./tesi.tocpdfTeX warning (ext4): destination with the same identifier (name{pa
ge.1}) has been already used, duplicate ignored
<to be read again> 
                   \relax 
l.37 ...4.1.2}Acronimi}{14}{subsubsection.3.4.1.2}
                                                  % [1

])
\tf@toc=\write4
\openout4 = `tesi.toc'.

 [2]
Chapter 1.
[3

]
LaTeX Font Info:    Trying to load font information for OT1+pcr on input line 1
26.
 (/usr/share/texlive/texmf-dist/tex/latex/psnfss/ot1pcr.fd
File: ot1pcr.fd 2001/06/04 font definitions for OT1/pcr.
) [4]
Chapter 2.
[5

] [6] [7]
Chapter 3.
<assets/Workflow.png, id=464, 801.99625pt x 691.58376pt>
File: assets/Workflow.png Graphic file (type png)
<use assets/Workflow.png>
Package pdftex.def Info: assets/Workflow.png  used on input line 203.
(pdftex.def)             Requested size: 418.25368pt x 360.6809pt.
[8

] [9 <./assets/Workflow.png>]
<assets/text-to-tokens.jpg, id=478, 613.29124pt x 152.57pt>
File: assets/text-to-tokens.jpg Graphic file (type jpg)
<use assets/text-to-tokens.jpg>
Package pdftex.def Info: assets/text-to-tokens.jpg  used on input line 247.
(pdftex.def)             Requested size: 256.0748pt x 63.70415pt.
 [10

 <./assets/text-to-tokens.jpg>]
Overfull \hbox (2.27486pt too wide) in paragraph at lines 286--287
\OT1/cmr/m/n/10 Queste sono un in-sieme pre-definito con-te-nente pa-role come 
gli ar-ti-coli, propo-sizioni, pronomi
 []

<assets/stemming.jpg, id=487, 563.85657pt x 363.60844pt>
File: assets/stemming.jpg Graphic file (type jpg)
<use assets/stemming.jpg>
Package pdftex.def Info: assets/stemming.jpg  used on input line 306.
(pdftex.def)             Requested size: 312.9803pt x 201.82726pt.

LaTeX Warning: `!h' float specifier changed to `!ht'.


Underfull \hbox (badness 10000) in paragraph at lines 321--322

 []

[11] [12 <./assets/stemming.jpg>]
<assets/pooling-strategy.png, id=513, 945.5325pt x 667.49374pt>
File: assets/pooling-strategy.png Graphic file (type png)
<use assets/pooling-strategy.png>
Package pdftex.def Info: assets/pooling-strategy.png  used on input line 347.
(pdftex.def)             Requested size: 312.9803pt x 220.94583pt.
 [13 <./assets/pooling-strategy.png>]
LaTeX Font Info:    Trying to load font information for OML+cmr on input line 4
16.

(/usr/share/texlive/texmf-dist/tex/latex/base/omlcmr.fd
File: omlcmr.fd 2019/12/16 v2.5j Standard LaTeX font definitions
)
LaTeX Font Info:    Font shape `OML/cmr/m/n' in size <9> not available
(Font)              Font shape `OML/cmm/m/it' tried instead on input line 416.
LaTeX Font Info:    Trying to load font information for OMS+cmr on input line 4
19.

(/usr/share/texlive/texmf-dist/tex/latex/base/omscmr.fd
File: omscmr.fd 2019/12/16 v2.5j Standard LaTeX font definitions
)
LaTeX Font Info:    Font shape `OMS/cmr/m/n' in size <9> not available
(Font)              Font shape `OMS/cmsy/m/n' tried instead on input line 419.
 [14]
Underfull \hbox (badness 10000) in paragraph at lines 426--427

 []


Underfull \hbox (badness 10000) in paragraph at lines 429--450

 []


Underfull \hbox (badness 10000) in paragraph at lines 429--450

 []


Underfull \hbox (badness 10000) in paragraph at lines 451--470

 []


Underfull \hbox (badness 10000) in paragraph at lines 451--470

 []


Underfull \hbox (badness 10000) in paragraph at lines 451--470

 []

[15]
Underfull \hbox (badness 10000) in paragraph at lines 493--494

 []

[16] [17]
Chapter 4.

Overfull \hbox (4.85822pt too wide) in paragraph at lines 564--565
\OT1/cmr/m/n/10 Il ma-chine learn-ing ^^Re lo stu-dio di al-go-ritmi che miglio
-rano au-to-mati-ca-mente at-traverso l'esperienza,
 []

<assets/ai_diagram.png, id=581, 497.86pt x 301.125pt>
File: assets/ai_diagram.png Graphic file (type png)
<use assets/ai_diagram.png>
Package pdftex.def Info: assets/ai_diagram.png  used on input line 569.
(pdftex.def)             Requested size: 199.16928pt x 120.46623pt.
[18

 <./assets/ai_diagram.png>]
<assets/decision_tree.png, id=594, 675.52374pt x 339.2675pt>
File: assets/decision_tree.png Graphic file (type png)
<use assets/decision_tree.png>
Package pdftex.def Info: assets/decision_tree.png  used on input line 591.
(pdftex.def)             Requested size: 369.88582pt x 185.76941pt.
 [19 <./assets/decision_tree.png (PNG copy)>]
[20]
<assets/naive-bayes.png, id=611, 532.99126pt x 282.05376pt>
File: assets/naive-bayes.png Graphic file (type png)
<use assets/naive-bayes.png>
Package pdftex.def Info: assets/naive-bayes.png  used on input line 667.
(pdftex.def)             Requested size: 167.2989pt x 88.53322pt.
<assets/bayes-network.png, id=612, 532.99126pt x 432.61626pt>
File: assets/bayes-network.png Graphic file (type png)
<use assets/bayes-network.png>
Package pdftex.def Info: assets/bayes-network.png  used on input line 674.
(pdftex.def)             Requested size: 167.2989pt x 135.79295pt.
 [21 <./assets/naive-bayes.png> <./assets/bayes-network.png>] [22]
<assets/svm-hyperplane.png, id=624, 1405.25pt x 594.22pt>
File: assets/svm-hyperplane.png Graphic file (type png)
<use assets/svm-hyperplane.png>
Package pdftex.def Info: assets/svm-hyperplane.png  used on input line 714.
(pdftex.def)             Requested size: 341.43306pt x 144.37471pt.
 [23 <./assets/svm-hyperplane.png (PNG copy)>]
<assets/svm-margin.png, id=635, 167.30505pt x 162.6075pt>
File: assets/svm-margin.png Graphic file (type png)
<use assets/svm-margin.png>
Package pdftex.def Info: assets/svm-margin.png  used on input line 739.
(pdftex.def)             Requested size: 199.16928pt x 193.58472pt.
<assets/svm-non-separable-1.png, id=639, 722.7pt x 651.43375pt>
File: assets/svm-non-separable-1.png Graphic file (type png)
<use assets/svm-non-separable-1.png>
Package pdftex.def Info: assets/svm-non-separable-1.png  used on input line 763
.
(pdftex.def)             Requested size: 209.12683pt x 188.5034pt.
<assets/svm-non-separable-2.png, id=640, 582.175pt x 462.72874pt>
File: assets/svm-non-separable-2.png Graphic file (type png)
<use assets/svm-non-separable-2.png>
Package pdftex.def Info: assets/svm-non-separable-2.png  used on input line 769
.
(pdftex.def)             Requested size: 209.12683pt x 166.21506pt.

Overfull \hbox (2.2222pt too wide) in paragraph at lines 762--773
[][]  [] 
 []


LaTeX Warning: `!h' float specifier changed to `!ht'.


Underfull \hbox (badness 10000) in paragraph at lines 776--776
[][]\OT1/cmr/m/n/8 Fonte: []$\OT1/pcr/m/n/8 www\OML/cmm/m/it/8 :\OT1/pcr/m/n/8 
medium\OML/cmm/m/it/8 :\OT1/pcr/m/n/8 com / @vivek\OML/cmm/m/it/8 :\OT1/pcr/m/n
/8 yadav / why -[] is -[] gradient -[] descent -[] robust -[] to -[] non -[] li
nearly -[]
 []

[24 <./assets/svm-margin.png>]
<assets/svm-separable-1.png, id=654, 493.845pt x 382.42876pt>
File: assets/svm-separable-1.png Graphic file (type png)
<use assets/svm-separable-1.png>
Package pdftex.def Info: assets/svm-separable-1.png  used on input line 784.
(pdftex.def)             Requested size: 209.12683pt x 161.9436pt.
<assets/svm-separable-2.png, id=655, 607.51968pt x 550.30594pt>
File: assets/svm-separable-2.png Graphic file (type png)
<use assets/svm-separable-2.png>
Package pdftex.def Info: assets/svm-separable-2.png  used on input line 790.
(pdftex.def)             Requested size: 209.12683pt x 189.4275pt.

Overfull \hbox (2.2222pt too wide) in paragraph at lines 782--794
[][]  [] 
 []

[25 <./assets/svm-non-separable-1.png> <./assets/svm-non-separable-2.png> <./as
sets/svm-separable-1.png> <./assets/svm-separable-2.png>] [26]
Chapter 5.
[27

]
<assets/cross-validation.png, id=694, 1027.84pt x 506.89375pt>
File: assets/cross-validation.png Graphic file (type png)
<use assets/cross-validation.png>
Package pdftex.def Info: assets/cross-validation.png  used on input line 882.
(pdftex.def)             Requested size: 369.88582pt x 182.412pt.
 [28 <./assets/cross-validation.png>]
<assets/confusion-matrix.jpg, id=705, 919.435pt x 733.74126pt>
File: assets/confusion-matrix.jpg Graphic file (type jpg)
<use assets/confusion-matrix.jpg>
Package pdftex.def Info: assets/confusion-matrix.jpg  used on input line 908.
(pdftex.def)             Requested size: 284.52756pt x 227.06558pt.
 [29 <./assets/confusion-matrix.jpg>]
LaTeX Font Info:    Trying to load font information for U+rsfso on input line 9
42.

(/usr/share/texlive/texmf-dist/tex/latex/rsfso/ursfso.fd
File: ursfso.fd 2011/02/13 Fontinst v1.933 font definitions for U/rsfso.
)
LaTeX Font Info:    Font shape `U/rsfso/m/n' will be
(Font)              scaled to size 10.0pt on input line 942.
LaTeX Font Info:    Font shape `U/rsfso/m/n' will be
(Font)              scaled to size 7.0pt on input line 942.
LaTeX Font Info:    Font shape `U/rsfso/m/n' will be
(Font)              scaled to size 5.0pt on input line 942.
 [30]
<assets/reports/macro/nobow/MultinomialNB.png, id=721, 1198.4775pt x 873.2625pt
>
File: assets/reports/macro/nobow/MultinomialNB.png Graphic file (type png)
<use assets/reports/macro/nobow/MultinomialNB.png>
Package pdftex.def Info: assets/reports/macro/nobow/MultinomialNB.png  used on 
input line 953.
(pdftex.def)             Requested size: 284.52756pt x 207.30872pt.

Overfull \hbox (75.40073pt too wide) in paragraph at lines 953--954
 [][] 
 []

<assets/reports/macro/nobow/BayesianNetworks.png, id=722, 1198.4775pt x 873.262
5pt>
File: assets/reports/macro/nobow/BayesianNetworks.png Graphic file (type png)
<use assets/reports/macro/nobow/BayesianNetworks.png>
Package pdftex.def Info: assets/reports/macro/nobow/BayesianNetworks.png  used 
on input line 959.
(pdftex.def)             Requested size: 284.52756pt x 207.30872pt.

Overfull \hbox (81.89067pt too wide) in paragraph at lines 958--960
 []|  [] 
 []

<assets/reports/macro/nobow/DecisionTree.png, id=723, 1198.4775pt x 873.2625pt>

File: assets/reports/macro/nobow/DecisionTree.png Graphic file (type png)
<use assets/reports/macro/nobow/DecisionTree.png>
Package pdftex.def Info: assets/reports/macro/nobow/DecisionTree.png  used on i
nput line 967.
(pdftex.def)             Requested size: 284.52756pt x 207.30872pt.

Overfull \hbox (75.40073pt too wide) in paragraph at lines 967--968
 [][] 
 []

<assets/reports/macro/nobow/SVM - Linear.png, id=724, 1198.4775pt x 873.2625pt>

File: assets/reports/macro/nobow/SVM - Linear.png Graphic file (type png)
<use assets/reports/macro/nobow/SVM - Linear.png>
Package pdftex.def Info: assets/reports/macro/nobow/SVM - Linear.png  used on i
nput line 973.
(pdftex.def)             Requested size: 284.52756pt x 207.30872pt.

Overfull \hbox (81.89067pt too wide) in paragraph at lines 972--974
 []|  [] 
 []

[31 <./assets/reports/macro/nobow/MultinomialNB.png> <./assets/reports/macro/no
bow/BayesianNetworks.png> <./assets/reports/macro/nobow/DecisionTree.png> <./as
sets/reports/macro/nobow/SVM - Linear.png>]
<assets/reports/micro/nobow/MultinomialNB.png, id=736, 1143.27126pt x 1046.9112
5pt>
File: assets/reports/micro/nobow/MultinomialNB.png Graphic file (type png)
<use assets/reports/micro/nobow/MultinomialNB.png>
Package pdftex.def Info: assets/reports/micro/nobow/MultinomialNB.png  used on 
input line 982.
(pdftex.def)             Requested size: 284.52756pt x 260.54506pt.

Overfull \hbox (75.40073pt too wide) in paragraph at lines 982--983
 [][] 
 []

<assets/reports/micro/nobow/BayesianNetworks.png, id=737, 1143.27126pt x 1046.9
1125pt>
File: assets/reports/micro/nobow/BayesianNetworks.png Graphic file (type png)
<use assets/reports/micro/nobow/BayesianNetworks.png>
Package pdftex.def Info: assets/reports/micro/nobow/BayesianNetworks.png  used 
on input line 988.
(pdftex.def)             Requested size: 284.52756pt x 260.54506pt.

Overfull \hbox (81.89067pt too wide) in paragraph at lines 986--989
 []|  [] 
 []

<assets/reports/micro/nobow/DecisionTree.png, id=738, 1143.27126pt x 1046.91125
pt>
File: assets/reports/micro/nobow/DecisionTree.png Graphic file (type png)
<use assets/reports/micro/nobow/DecisionTree.png>
Package pdftex.def Info: assets/reports/micro/nobow/DecisionTree.png  used on i
nput line 996.
(pdftex.def)             Requested size: 284.52756pt x 260.54506pt.

Overfull \hbox (75.40073pt too wide) in paragraph at lines 996--997
 [][] 
 []

<assets/reports/micro/nobow/SVM - Linear.png, id=739, 1143.27126pt x 1046.91125
pt>
File: assets/reports/micro/nobow/SVM - Linear.png Graphic file (type png)
<use assets/reports/micro/nobow/SVM - Linear.png>
Package pdftex.def Info: assets/reports/micro/nobow/SVM - Linear.png  used on i
nput line 1002.
(pdftex.def)             Requested size: 284.52756pt x 260.54506pt.

Overfull \hbox (81.89067pt too wide) in paragraph at lines 1001--1003
 []|  [] 
 []

[32 <./assets/reports/micro/nobow/MultinomialNB.png> <./assets/reports/micro/no
bow/BayesianNetworks.png> <./assets/reports/micro/nobow/DecisionTree.png> <./as
sets/reports/micro/nobow/SVM - Linear.png>]
*geometry* verbose mode - [ newgeometry ] result:
* driver: pdftex
* paper: a4paper
* layout: <same size as paper>
* layoutoffset:(h,v)=(0.0pt,0.0pt)
* modes: 
* h-part:(L,W,R)=(89.62709pt, 418.25368pt, 89.6271pt)
* v-part:(T,H,B)=(101.40665pt, 743.6402pt, 0.0pt)
* \paperwidth=597.50787pt
* \paperheight=845.04684pt
* \textwidth=418.25368pt
* \textheight=743.6402pt
* \oddsidemargin=17.3571pt
* \evensidemargin=17.3571pt
* \topmargin=-0.93083pt
* \headheight=12.0pt
* \headsep=18.06749pt
* \topskip=10.0pt
* \footskip=25.29494pt
* \marginparwidth=69.0pt
* \marginparsep=7.0pt
* \columnsep=10.0pt
* \skip\footins=9.0pt plus 4.0pt minus 2.0pt
* \hoffset=0.0pt
* \voffset=0.0pt
* \mag=1000
* \@twocolumnfalse
* \@twosidefalse
* \@mparswitchfalse
* \@reversemarginfalse
* (1in=72.27pt=25.4mm, 1cm=28.453pt)

<assets/reports/conf-matrix/nobow/emot.png, id=750, 1837.86626pt x 417.56pt>
File: assets/reports/conf-matrix/nobow/emot.png Graphic file (type png)
<use assets/reports/conf-matrix/nobow/emot.png>
Package pdftex.def Info: assets/reports/conf-matrix/nobow/emot.png  used on inp
ut line 1018.
(pdftex.def)             Requested size: 369.88582pt x 84.03297pt.
<assets/reports/conf-matrix/nobow/pos.png, id=751, 1837.86626pt x 417.56pt>
File: assets/reports/conf-matrix/nobow/pos.png Graphic file (type png)
<use assets/reports/conf-matrix/nobow/pos.png>
Package pdftex.def Info: assets/reports/conf-matrix/nobow/pos.png  used on inpu
t line 1024.
(pdftex.def)             Requested size: 369.88582pt x 84.03297pt.
<assets/reports/conf-matrix/nobow/pp.png, id=752, 1837.86626pt x 417.56pt>
File: assets/reports/conf-matrix/nobow/pp.png Graphic file (type png)
<use assets/reports/conf-matrix/nobow/pp.png>
Package pdftex.def Info: assets/reports/conf-matrix/nobow/pp.png  used on input
 line 1030.
(pdftex.def)             Requested size: 369.88582pt x 84.03297pt.
<assets/reports/conf-matrix/nobow/pp-emot.png, id=753, 1837.86626pt x 417.56pt>

File: assets/reports/conf-matrix/nobow/pp-emot.png Graphic file (type png)
<use assets/reports/conf-matrix/nobow/pp-emot.png>
Package pdftex.def Info: assets/reports/conf-matrix/nobow/pp-emot.png  used on 
input line 1036.
(pdftex.def)             Requested size: 369.88582pt x 84.03297pt.
<assets/reports/conf-matrix/nobow/pos-emot.png, id=754, 1837.86626pt x 417.56pt
>
File: assets/reports/conf-matrix/nobow/pos-emot.png Graphic file (type png)
<use assets/reports/conf-matrix/nobow/pos-emot.png>
Package pdftex.def Info: assets/reports/conf-matrix/nobow/pos-emot.png  used on
 input line 1042.
(pdftex.def)             Requested size: 369.88582pt x 84.03297pt.
<assets/reports/conf-matrix/nobow/pp-pos.png, id=755, 1837.86626pt x 417.56pt>
File: assets/reports/conf-matrix/nobow/pp-pos.png Graphic file (type png)
<use assets/reports/conf-matrix/nobow/pp-pos.png>
Package pdftex.def Info: assets/reports/conf-matrix/nobow/pp-pos.png  used on i
nput line 1048.
(pdftex.def)             Requested size: 369.88582pt x 84.03297pt.
<assets/reports/conf-matrix/nobow/pp-pos-emot.png, id=756, 1837.86626pt x 417.5
6pt>
File: assets/reports/conf-matrix/nobow/pp-pos-emot.png Graphic file (type png)
<use assets/reports/conf-matrix/nobow/pp-pos-emot.png>
Package pdftex.def Info: assets/reports/conf-matrix/nobow/pp-pos-emot.png  used
 on input line 1054.
(pdftex.def)             Requested size: 369.88582pt x 84.03297pt.
 [33


 <./assets/reports/conf-matrix/nobow/emot.png> <./assets/reports/conf-matrix/no
bow/pos.png> <./assets/reports/conf-matrix/nobow/pp.png> <./assets/reports/conf
-matrix/nobow/pp-emot.png> <./assets/reports/conf-matrix/nobow/pos-emot.png> <.
/assets/reports/conf-matrix/nobow/pp-pos.png> <./assets/reports/conf-matrix/nob
ow/pp-pos-emot.png>]
<assets/reports/macro/bow/MultinomialNB.png, id=775, 1198.4775pt x 895.345pt>
File: assets/reports/macro/bow/MultinomialNB.png Graphic file (type png)
<use assets/reports/macro/bow/MultinomialNB.png>
Package pdftex.def Info: assets/reports/macro/bow/MultinomialNB.png  used on in
put line 1069.
(pdftex.def)             Requested size: 284.52756pt x 212.55101pt.

Overfull \hbox (75.40073pt too wide) in paragraph at lines 1069--1070
 [][] 
 []

<assets/reports/macro/bow/BayesianNetworks.png, id=776, 1198.4775pt x 895.345pt
>
File: assets/reports/macro/bow/BayesianNetworks.png Graphic file (type png)
<use assets/reports/macro/bow/BayesianNetworks.png>
Package pdftex.def Info: assets/reports/macro/bow/BayesianNetworks.png  used on
 input line 1075.
(pdftex.def)             Requested size: 284.52756pt x 212.55101pt.

Overfull \hbox (81.89067pt too wide) in paragraph at lines 1074--1076
 []|  [] 
 []

<assets/reports/macro/bow/DecisionTree.png, id=777, 1198.4775pt x 895.345pt>
File: assets/reports/macro/bow/DecisionTree.png Graphic file (type png)
<use assets/reports/macro/bow/DecisionTree.png>
Package pdftex.def Info: assets/reports/macro/bow/DecisionTree.png  used on inp
ut line 1083.
(pdftex.def)             Requested size: 284.52756pt x 212.55101pt.

Overfull \hbox (75.40073pt too wide) in paragraph at lines 1083--1084
 [][] 
 []

<assets/reports/macro/bow/SVM - Linear.png, id=778, 1198.4775pt x 895.345pt>
File: assets/reports/macro/bow/SVM - Linear.png Graphic file (type png)
<use assets/reports/macro/bow/SVM - Linear.png>
Package pdftex.def Info: assets/reports/macro/bow/SVM - Linear.png  used on inp
ut line 1089.
(pdftex.def)             Requested size: 284.52756pt x 212.55101pt.

Overfull \hbox (81.89067pt too wide) in paragraph at lines 1088--1090
 []|  [] 
 []

[34

 <./assets/reports/macro/bow/MultinomialNB.png> <./assets/reports/macro/bow/Bay
esianNetworks.png> <./assets/reports/macro/bow/DecisionTree.png> <./assets/repo
rts/macro/bow/SVM - Linear.png>]
<assets/reports/micro/bow/MultinomialNB.png, id=789, 1143.27126pt x 1046.91125p
t>
File: assets/reports/micro/bow/MultinomialNB.png Graphic file (type png)
<use assets/reports/micro/bow/MultinomialNB.png>
Package pdftex.def Info: assets/reports/micro/bow/MultinomialNB.png  used on in
put line 1098.
(pdftex.def)             Requested size: 284.52756pt x 260.54506pt.

Overfull \hbox (75.40073pt too wide) in paragraph at lines 1098--1099
 [][] 
 []

<assets/reports/micro/bow/BayesianNetworks.png, id=790, 1143.27126pt x 1046.911
25pt>
File: assets/reports/micro/bow/BayesianNetworks.png Graphic file (type png)
<use assets/reports/micro/bow/BayesianNetworks.png>
Package pdftex.def Info: assets/reports/micro/bow/BayesianNetworks.png  used on
 input line 1104.
(pdftex.def)             Requested size: 284.52756pt x 260.54506pt.

Overfull \hbox (81.89067pt too wide) in paragraph at lines 1102--1105
 []|  [] 
 []

<assets/reports/micro/bow/DecisionTree.png, id=791, 1143.27126pt x 1046.91125pt
>
File: assets/reports/micro/bow/DecisionTree.png Graphic file (type png)
<use assets/reports/micro/bow/DecisionTree.png>
Package pdftex.def Info: assets/reports/micro/bow/DecisionTree.png  used on inp
ut line 1112.
(pdftex.def)             Requested size: 284.52756pt x 260.54506pt.

Overfull \hbox (75.40073pt too wide) in paragraph at lines 1112--1113
 [][] 
 []

<assets/reports/micro/bow/SVM - Linear.png, id=792, 1143.27126pt x 1046.91125pt
>
File: assets/reports/micro/bow/SVM - Linear.png Graphic file (type png)
<use assets/reports/micro/bow/SVM - Linear.png>
Package pdftex.def Info: assets/reports/micro/bow/SVM - Linear.png  used on inp
ut line 1118.
(pdftex.def)             Requested size: 284.52756pt x 260.54506pt.

Overfull \hbox (81.89067pt too wide) in paragraph at lines 1117--1119
 []|  [] 
 []

[35 <./assets/reports/micro/bow/MultinomialNB.png> <./assets/reports/micro/bow/
BayesianNetworks.png> <./assets/reports/micro/bow/DecisionTree.png> <./assets/r
eports/micro/bow/SVM - Linear.png>]
*geometry* verbose mode - [ newgeometry ] result:
* driver: pdftex
* paper: a4paper
* layout: <same size as paper>
* layoutoffset:(h,v)=(0.0pt,0.0pt)
* modes: 
* h-part:(L,W,R)=(89.62709pt, 418.25368pt, 89.6271pt)
* v-part:(T,H,B)=(101.40665pt, 743.6402pt, 0.0pt)
* \paperwidth=597.50787pt
* \paperheight=845.04684pt
* \textwidth=418.25368pt
* \textheight=743.6402pt
* \oddsidemargin=17.3571pt
* \evensidemargin=17.3571pt
* \topmargin=-0.93083pt
* \headheight=12.0pt
* \headsep=18.06749pt
* \topskip=10.0pt
* \footskip=25.29494pt
* \marginparwidth=69.0pt
* \marginparsep=7.0pt
* \columnsep=10.0pt
* \skip\footins=9.0pt plus 4.0pt minus 2.0pt
* \hoffset=0.0pt
* \voffset=0.0pt
* \mag=1000
* \@twocolumnfalse
* \@twosidefalse
* \@mparswitchfalse
* \@reversemarginfalse
* (1in=72.27pt=25.4mm, 1cm=28.453pt)

<assets/reports/conf-matrix/bow/bow.png, id=803, 1837.86626pt x 417.56pt>
File: assets/reports/conf-matrix/bow/bow.png Graphic file (type png)
<use assets/reports/conf-matrix/bow/bow.png>
Package pdftex.def Info: assets/reports/conf-matrix/bow/bow.png  used on input 
line 1134.
(pdftex.def)             Requested size: 369.88582pt x 84.03297pt.
<assets/reports/conf-matrix/bow/bow-emot.png, id=804, 1837.86626pt x 417.56pt>
File: assets/reports/conf-matrix/bow/bow-emot.png Graphic file (type png)
<use assets/reports/conf-matrix/bow/bow-emot.png>
Package pdftex.def Info: assets/reports/conf-matrix/bow/bow-emot.png  used on i
nput line 1140.
(pdftex.def)             Requested size: 369.88582pt x 84.03297pt.
<assets/reports/conf-matrix/bow/bow-pos.png, id=805, 1837.86626pt x 417.56pt>
File: assets/reports/conf-matrix/bow/bow-pos.png Graphic file (type png)
<use assets/reports/conf-matrix/bow/bow-pos.png>
Package pdftex.def Info: assets/reports/conf-matrix/bow/bow-pos.png  used on in
put line 1146.
(pdftex.def)             Requested size: 369.88582pt x 84.03297pt.
<assets/reports/conf-matrix/bow/bow-pp.png, id=806, 1837.86626pt x 417.56pt>
File: assets/reports/conf-matrix/bow/bow-pp.png Graphic file (type png)
<use assets/reports/conf-matrix/bow/bow-pp.png>
Package pdftex.def Info: assets/reports/conf-matrix/bow/bow-pp.png  used on inp
ut line 1152.
(pdftex.def)             Requested size: 369.88582pt x 84.03297pt.
<assets/reports/conf-matrix/bow/bow-pp-emot.png, id=807, 1837.86626pt x 417.56p
t>
File: assets/reports/conf-matrix/bow/bow-pp-emot.png Graphic file (type png)
<use assets/reports/conf-matrix/bow/bow-pp-emot.png>
Package pdftex.def Info: assets/reports/conf-matrix/bow/bow-pp-emot.png  used o
n input line 1158.
(pdftex.def)             Requested size: 369.88582pt x 84.03297pt.
<assets/reports/conf-matrix/bow/bow-pos-emot.png, id=808, 1837.86626pt x 417.56
pt>
File: assets/reports/conf-matrix/bow/bow-pos-emot.png Graphic file (type png)
<use assets/reports/conf-matrix/bow/bow-pos-emot.png>
Package pdftex.def Info: assets/reports/conf-matrix/bow/bow-pos-emot.png  used 
on input line 1164.
(pdftex.def)             Requested size: 369.88582pt x 84.03297pt.
<assets/reports/conf-matrix/bow/bow-pp-pos.png, id=809, 1837.86626pt x 417.56pt
>
File: assets/reports/conf-matrix/bow/bow-pp-pos.png Graphic file (type png)
<use assets/reports/conf-matrix/bow/bow-pp-pos.png>
Package pdftex.def Info: assets/reports/conf-matrix/bow/bow-pp-pos.png  used on
 input line 1170.
(pdftex.def)             Requested size: 369.88582pt x 84.03297pt.
<assets/reports/conf-matrix/bow/bow-pp-pos-emot.png, id=810, 1837.86626pt x 417
.56pt>
File: assets/reports/conf-matrix/bow/bow-pp-pos-emot.png Graphic file (type png
)
<use assets/reports/conf-matrix/bow/bow-pp-pos-emot.png>
Package pdftex.def Info: assets/reports/conf-matrix/bow/bow-pp-pos-emot.png  us
ed on input line 1176.
(pdftex.def)             Requested size: 369.88582pt x 84.03297pt.
 [36


 <./assets/reports/conf-matrix/bow/bow.png> <./assets/reports/conf-matrix/bow/b
ow-emot.png> <./assets/reports/conf-matrix/bow/bow-pos.png> <./assets/reports/c
onf-matrix/bow/bow-pp.png> <./assets/reports/conf-matrix/bow/bow-pp-emot.png> <
./assets/reports/conf-matrix/bow/bow-pos-emot.png> <./assets/reports/conf-matri
x/bow/bow-pp-pos.png> <./assets/reports/conf-matrix/bow/bow-pp-pos-emot.png>]
<assets/reports/text/acc/DecisionTree.png, id=832, 1198.4775pt x 895.345pt>
File: assets/reports/text/acc/DecisionTree.png Graphic file (type png)
<use assets/reports/text/acc/DecisionTree.png>
Package pdftex.def Info: assets/reports/text/acc/DecisionTree.png  used on inpu
t line 1190.
(pdftex.def)             Requested size: 284.52756pt x 212.55101pt.

Overfull \hbox (75.40073pt too wide) in paragraph at lines 1190--1191
 [][] 
 []

<assets/reports/text/acc/SVM - Linear.png, id=833, 1198.4775pt x 895.345pt>
File: assets/reports/text/acc/SVM - Linear.png Graphic file (type png)
<use assets/reports/text/acc/SVM - Linear.png>
Package pdftex.def Info: assets/reports/text/acc/SVM - Linear.png  used on inpu
t line 1196.
(pdftex.def)             Requested size: 284.52756pt x 212.55101pt.

Overfull \hbox (81.89067pt too wide) in paragraph at lines 1195--1197
 []|  [] 
 []

<assets/reports/text/f1/DecisionTree.png, id=834, 1198.4775pt x 895.345pt>
File: assets/reports/text/f1/DecisionTree.png Graphic file (type png)
<use assets/reports/text/f1/DecisionTree.png>
Package pdftex.def Info: assets/reports/text/f1/DecisionTree.png  used on input
 line 1205.
(pdftex.def)             Requested size: 284.52756pt x 212.55101pt.

Overfull \hbox (75.40073pt too wide) in paragraph at lines 1205--1206
 [][] 
 []

<assets/reports/text/f1/SVM - Linear.png, id=835, 1198.4775pt x 895.345pt>
File: assets/reports/text/f1/SVM - Linear.png Graphic file (type png)
<use assets/reports/text/f1/SVM - Linear.png>
Package pdftex.def Info: assets/reports/text/f1/SVM - Linear.png  used on input
 line 1211.
(pdftex.def)             Requested size: 284.52756pt x 212.55101pt.

Overfull \hbox (81.89067pt too wide) in paragraph at lines 1210--1212
 []|  [] 
 []

[37

 <./assets/reports/text/acc/DecisionTree.png> <./assets/reports/text/acc/SVM - 
Linear.png> <./assets/reports/text/f1/DecisionTree.png> <./assets/reports/text/
f1/SVM - Linear.png>]
<assets/pca/non_ironic/var.png, id=846, 856.19875pt x 499.8675pt>
File: assets/pca/non_ironic/var.png Graphic file (type png)
<use assets/pca/non_ironic/var.png>
Package pdftex.def Info: assets/pca/non_ironic/var.png  used on input line 1232
.
(pdftex.def)             Requested size: 206.28247pt x 120.42828pt.
<assets/pca/ironic/var.png, id=847, 848.16875pt x 499.8675pt>
File: assets/pca/ironic/var.png Graphic file (type png)
<use assets/pca/ironic/var.png>
Package pdftex.def Info: assets/pca/ironic/var.png  used on input line 1238.
(pdftex.def)             Requested size: 206.28247pt x 121.57239pt.

Overfull \hbox (2.2222pt too wide) in paragraph at lines 1230--1241
[]$[]$  $[]$ 
 []

<assets/pca/non_ironic/cum-var.png, id=848, 848.16875pt x 499.8675pt>
File: assets/pca/non_ironic/cum-var.png Graphic file (type png)
<use assets/pca/non_ironic/cum-var.png>
Package pdftex.def Info: assets/pca/non_ironic/cum-var.png  used on input line 
1247.
(pdftex.def)             Requested size: 206.28247pt x 121.57239pt.
<assets/pca/ironic/cum-var.png, id=849, 848.16875pt x 499.8675pt>
File: assets/pca/ironic/cum-var.png Graphic file (type png)
<use assets/pca/ironic/cum-var.png>
Package pdftex.def Info: assets/pca/ironic/cum-var.png  used on input line 1253
.
(pdftex.def)             Requested size: 206.28247pt x 121.57239pt.

Overfull \hbox (2.2222pt too wide) in paragraph at lines 1245--1256
[]$[]$  $[]$ 
 []

[38 <./assets/pca/non_ironic/var.png> <./assets/pca/ironic/var.png>]
<assets/pca/non_ironic/contribution.png, id=858, 927.465pt x 649.42625pt>
File: assets/pca/non_ironic/contribution.png Graphic file (type png)
<use assets/pca/non_ironic/contribution.png>
Package pdftex.def Info: assets/pca/non_ironic/contribution.png  used on input 
line 1266.
(pdftex.def)             Requested size: 206.28247pt x 144.4399pt.
<assets/pca/ironic/contribution.png, id=859, 919.435pt x 661.47125pt>
File: assets/pca/ironic/contribution.png Graphic file (type png)
<use assets/pca/ironic/contribution.png>
Package pdftex.def Info: assets/pca/ironic/contribution.png  used on input line
 1272.
(pdftex.def)             Requested size: 206.28247pt x 148.4007pt.

Overfull \hbox (2.2222pt too wide) in paragraph at lines 1264--1275
[]$[]$  $[]$ 
 []

[39 <./assets/pca/non_ironic/cum-var.png> <./assets/pca/ironic/cum-var.png> <./
assets/pca/non_ironic/contribution.png> <./assets/pca/ironic/contribution.png>]
Chapter 6.
(./tesi.bbl [40

]
Underfull \hbox (badness 10000) in paragraph at lines 48--50
[]\OT1/cmr/m/n/10 J. Alam-mar, ``The il-lus-trated trans-former.'' []$\OT1/pcr/
m/n/10 http : / / jalammar\OML/cmm/m/it/10 :\OT1/pcr/m/n/10 github\OML/cmm/m/it
/10 :\OT1/pcr/m/n/10 io /
 []


Underfull \hbox (badness 10000) in paragraph at lines 52--54
[]\OT1/cmr/m/n/10 C. Mc-Cormick and N. Ryan, ``Bert word em-bed-dings tu-to-ria
l.'' []$\OT1/pcr/m/n/10 http : / /
 []

[41

])
Package atveryend Info: Empty hook `BeforeClearDocument' on input line 1300.
 [42]
Package atveryend Info: Empty hook `AfterLastShipout' on input line 1300.
 (./tesi.aux)
Package atveryend Info: Executing hook `AtVeryEndDocument' on input line 1300.
Package atveryend Info: Executing hook `AtEndAfterFileList' on input line 1300.

Package rerunfilecheck Info: File `tesi.out' has not changed.
(rerunfilecheck)             Checksum: C1E59F73E9032D4CA03CF30151AAA7B9;5448.


LaTeX Warning: There were multiply-defined labels.

 ) 
Here is how much of TeX's memory you used:
 12281 strings out of 481239
 199407 string characters out of 5920377
 595273 words of memory out of 5000000
 27027 multiletter control sequences out of 15000+600000
 545715 words of font info for 72 fonts, out of 8000000 for 9000
 1141 hyphenation exceptions out of 8191
 62i,14n,100p,798b,1323s stack positions out of 5000i,500n,10000p,200000b,80000s
pdfTeX warning (dest): name{Hfootnote.15} has been referenced but does not ex
ist, replaced by a fixed one

pdfTeX warning (dest): name{Hfootnote.14} has been referenced but does not exis
t, replaced by a fixed one

pdfTeX warning (dest): name{Hfootnote.13} has been referenced but does not exis
t, replaced by a fixed one

pdfTeX warning (dest): name{Hfootnote.12} has been referenced but does not exis
t, replaced by a fixed one

pdfTeX warning (dest): name{Hfootnote.11} has been referenced but does not exis
t, replaced by a fixed one

pdfTeX warning (dest): name{Hfootnote.10} has been referenced but does not exis
t, replaced by a fixed one

pdfTeX warning (dest): name{Hfootnote.9} has been referenced but does not exist
, replaced by a fixed one

pdfTeX warning (dest): name{Hfootnote.8} has been referenced but does not exist
, replaced by a fixed one

pdfTeX warning (dest): name{Hfootnote.7} has been referenced but does not exist
, replaced by a fixed one

pdfTeX warning (dest): name{Hfootnote.6} has been referenced but does not exist
, replaced by a fixed one

pdfTeX warning (dest): name{Hfootnote.5} has been referenced but does not exist
, replaced by a fixed one

pdfTeX warning (dest): name{Hfootnote.4} has been referenced but does not exist
, replaced by a fixed one

pdfTeX warning (dest): name{Hfootnote.3} has been referenced but does not exist
, replaced by a fixed one

pdfTeX warning (dest): name{Hfootnote.2} has been referenced but does not exist
, replaced by a fixed one

pdfTeX warning (dest): name{Hfootnote.1} has been referenced but does not exist
, replaced by a fixed one

{/usr/share/texmf/fonts/enc/dvips/cm-super/cm-super-ts1.enc}{/usr/share/texlive
/texmf-dist/fonts/enc/dvips/base/8r.enc}</usr/share/texlive/texmf-dist/fonts/ty
pe1/public/amsfonts/cm/cmbx10.pfb></usr/share/texlive/texmf-dist/fonts/type1/pu
blic/amsfonts/cm/cmbx12.pfb></usr/share/texlive/texmf-dist/fonts/type1/public/a
msfonts/cm/cmcsc10.pfb></usr/share/texlive/texmf-dist/fonts/type1/public/amsfon
ts/cm/cmex10.pfb></usr/share/texlive/texmf-dist/fonts/type1/public/amsfonts/cm/
cmmi10.pfb></usr/share/texlive/texmf-dist/fonts/type1/public/amsfonts/cm/cmmi7.
pfb></usr/share/texlive/texmf-dist/fonts/type1/public/amsfonts/cm/cmmi8.pfb></u
sr/share/texlive/texmf-dist/fonts/type1/public/amsfonts/cm/cmmi9.pfb></usr/shar
e/texlive/texmf-dist/fonts/type1/public/amsfonts/cm/cmmib10.pfb></usr/share/tex
live/texmf-dist/fonts/type1/public/amsfonts/cm/cmr10.pfb></usr/share/texlive/te
xmf-dist/fonts/type1/public/amsfonts/cm/cmr12.pfb></usr/share/texlive/texmf-dis
t/fonts/type1/public/amsfonts/cm/cmr6.pfb></usr/share/texlive/texmf-dist/fonts/
type1/public/amsfonts/cm/cmr7.pfb></usr/share/texlive/texmf-dist/fonts/type1/pu
blic/amsfonts/cm/cmr8.pfb></usr/share/texlive/texmf-dist/fonts/type1/public/ams
fonts/cm/cmr9.pfb></usr/share/texlive/texmf-dist/fonts/type1/public/amsfonts/cm
/cmsl10.pfb></usr/share/texlive/texmf-dist/fonts/type1/public/amsfonts/cm/cmsy1
0.pfb></usr/share/texlive/texmf-dist/fonts/type1/public/amsfonts/cm/cmsy7.pfb><
/usr/share/texlive/texmf-dist/fonts/type1/public/amsfonts/cm/cmsy9.pfb></usr/sh
are/texlive/texmf-dist/fonts/type1/public/amsfonts/cm/cmti10.pfb></usr/share/te
xlive/texmf-dist/fonts/type1/public/rsfs/rsfs10.pfb></usr/share/texmf/fonts/typ
e1/public/cm-super/sfrm0900.pfb></usr/share/texmf/fonts/type1/public/cm-super/s
frm1000.pfb></usr/share/texlive/texmf-dist/fonts/type1/urw/courier/ucrr8a.pfb>
Output written on tesi.pdf (43 pages, 3397175 bytes).
PDF statistics:
 1023 PDF objects out of 1200 (max. 8388607)
 824 compressed objects within 9 object streams
 232 named destinations out of 1000 (max. 500000)
 899 words of extra memory for PDF output out of 10000 (max. 10000000)

