\BOOKMARK [0][-]{chapter.1}{Stato dell'arte}{}% 1
\BOOKMARK [1][-]{section.1.1}{Approccio supervisionato}{chapter.1}% 2
\BOOKMARK [1][-]{section.1.2}{Approccio semi supervisionato}{chapter.1}% 3
\BOOKMARK [1][-]{section.1.3}{Approccio non supervisionato}{chapter.1}% 4
\BOOKMARK [0][-]{chapter.2}{Sistema realizzato}{}% 5
\BOOKMARK [1][-]{section.2.1}{Descrizione del sistema proposto}{chapter.2}% 6
\BOOKMARK [1][-]{section.2.2}{Dati in input}{chapter.2}% 7
\BOOKMARK [1][-]{section.2.3}{Rappresentazione del testo}{chapter.2}% 8
\BOOKMARK [2][-]{subsection.2.3.1}{Rappresentazione Bag-of-word}{section.2.3}% 9
\BOOKMARK [3][-]{subsubsection.2.3.1.1}{Tokenization}{subsection.2.3.1}% 10
\BOOKMARK [3][-]{subsubsection.2.3.1.2}{Filtering}{subsection.2.3.1}% 11
\BOOKMARK [3][-]{subsubsection.2.3.1.3}{Stemming}{subsection.2.3.1}% 12
\BOOKMARK [3][-]{subsubsection.2.3.1.4}{Vector encoding}{subsection.2.3.1}% 13
\BOOKMARK [2][-]{subsection.2.3.2}{Rappresentazione mediante transformer}{section.2.3}% 14
\BOOKMARK [3][-]{subsubsection.2.3.2.1}{BERT}{subsection.2.3.2}% 15
\BOOKMARK [3][-]{subsubsection.2.3.2.2}{Sentence-BERT}{subsection.2.3.2}% 16
\BOOKMARK [1][-]{section.2.4}{Caratteristiche linguistiche}{chapter.2}% 17
\BOOKMARK [2][-]{subsection.2.4.1}{PP \(Pragmatic particles\)}{section.2.4}% 18
\BOOKMARK [3][-]{subsubsection.2.4.1.1}{Emoticons}{subsection.2.4.1}% 19
\BOOKMARK [3][-]{subsubsection.2.4.1.2}{Acronimi}{subsection.2.4.1}% 20
\BOOKMARK [3][-]{subsubsection.2.4.1.3}{Espressioni onomatopeiche}{subsection.2.4.1}% 21
\BOOKMARK [3][-]{subsubsection.2.4.1.4}{Punteggiatura}{subsection.2.4.1}% 22
\BOOKMARK [3][-]{subsubsection.2.4.1.5}{Estrazione particelle pragmatiche}{subsection.2.4.1}% 23
\BOOKMARK [2][-]{subsection.2.4.2}{POS \(Part Of Speech\)}{section.2.4}% 24
\BOOKMARK [2][-]{subsection.2.4.3}{EMOT \(Emotional Features\)}{section.2.4}% 25
\BOOKMARK [0][-]{chapter.3}{Modelli supervisionati}{}% 26
\BOOKMARK [1][-]{section.3.1}{Decision Tree}{chapter.3}% 27
\BOOKMARK [1][-]{section.3.2}{Naive Bayes}{chapter.3}% 28
\BOOKMARK [1][-]{section.3.3}{Multinomial Naive Bayes}{chapter.3}% 29
\BOOKMARK [1][-]{section.3.4}{Bayesian Network}{chapter.3}% 30
\BOOKMARK [1][-]{section.3.5}{Support Vector Machine}{chapter.3}% 31
\BOOKMARK [2][-]{subsection.3.5.1}{Iperpiano}{section.3.5}% 32
\BOOKMARK [2][-]{subsection.3.5.2}{Iperpiano ottimo}{section.3.5}% 33
\BOOKMARK [2][-]{subsection.3.5.3}{Vettori di supporto}{section.3.5}% 34
\BOOKMARK [2][-]{subsection.3.5.4}{SVM non lineare}{section.3.5}% 35
\BOOKMARK [1][-]{section.3.6}{Strumenti utilizzati}{chapter.3}% 36
\BOOKMARK [2][-]{subsection.3.6.1}{Scikit-learn}{section.3.6}% 37
\BOOKMARK [2][-]{subsection.3.6.2}{Weka}{section.3.6}% 38
\BOOKMARK [0][-]{chapter.4}{Campagna sperimentale}{}% 39
\BOOKMARK [1][-]{section.4.1}{Dataset}{chapter.4}% 40
\BOOKMARK [1][-]{section.4.2}{10-Folds Cross-Validation}{chapter.4}% 41
\BOOKMARK [1][-]{section.4.3}{Misure di performance}{chapter.4}% 42
\BOOKMARK [1][-]{section.4.4}{Esperimenti}{chapter.4}% 43
\BOOKMARK [2][-]{subsection.4.4.1}{Caratteristiche linguistiche}{section.4.4}% 44
\BOOKMARK [2][-]{subsection.4.4.2}{BOW + Caratteristiche linguistiche}{section.4.4}% 45
\BOOKMARK [2][-]{subsection.4.4.3}{BERT + Caratteristiche linguistiche}{section.4.4}% 46
\BOOKMARK [2][-]{subsection.4.4.4}{Sentence-BERT + Caratteristiche linguistiche}{section.4.4}% 47
\BOOKMARK [2][-]{subsection.4.4.5}{BOW vs BERT vs Sentence-BERT}{section.4.4}% 48
\BOOKMARK [2][-]{subsection.4.4.6}{Analisi lessico con PCA}{section.4.4}% 49
\BOOKMARK [0][-]{chapter.5}{Conclusioni e sviluppi futuri}{}% 50
